1726474962.918809 client started (12816): version 3.2a, socket /tmp/tmux-1000/default, protocol 8
1726474962.918823 on Linux 5.15.153.1-microsoft-standard-WSL2 #1 SMP Fri Mar 29 23:14:13 UTC 2024
1726474962.918825 using libevent 2.1.12-stable (poll); ncurses 6.3
1726474962.918832 flags are 0x18010000
1726474962.918834 socket is /tmp/tmux-1000/default
1726474962.918839 trying connect
1726474962.918853 connect failed: No such file or directory
1726474962.918858 lock file is /tmp/tmux-1000/default.lock
1726474962.918871 flock succeeded
1726474962.918872 got lock (6)
1726474962.918874 trying connect
1726474962.918877 connect failed: No such file or directory
1726474962.918977 add peer 0x55dffcd63240: 7 ((nil))
1726474962.919337 sending message 100 to peer 0x55dffcd63240 (4 bytes)
1726474962.919343 sending message 111 to peer 0x55dffcd63240 (8 bytes)
1726474962.919344 sending message 101 to peer 0x55dffcd63240 (15 bytes)
1726474962.919345 sending message 109 to peer 0x55dffcd63240 (4 bytes)
1726474962.919347 sending message 102 to peer 0x55dffcd63240 (11 bytes)
1726474962.919348 sending message 108 to peer 0x55dffcd63240 (40 bytes)
1726474962.919349 sending message 112 to peer 0x55dffcd63240 (58 bytes)
1726474962.919350 sending message 112 to peer 0x55dffcd63240 (5 bytes)
1726474962.919352 sending message 112 to peer 0x55dffcd63240 (5 bytes)
1726474962.919353 sending message 112 to peer 0x55dffcd63240 (6 bytes)
1726474962.919354 sending message 112 to peer 0x55dffcd63240 (6 bytes)
1726474962.919355 sending message 112 to peer 0x55dffcd63240 (11 bytes)
1726474962.919356 sending message 112 to peer 0x55dffcd63240 (10 bytes)
1726474962.919358 sending message 112 to peer 0x55dffcd63240 (13 bytes)
1726474962.919359 sending message 112 to peer 0x55dffcd63240 (14 bytes)
1726474962.919360 sending message 112 to peer 0x55dffcd63240 (19 bytes)
1726474962.919361 sending message 112 to peer 0x55dffcd63240 (11 bytes)
1726474962.919362 sending message 112 to peer 0x55dffcd63240 (10 bytes)
1726474962.919363 sending message 112 to peer 0x55dffcd63240 (15 bytes)
1726474962.919364 sending message 112 to peer 0x55dffcd63240 (21 bytes)
1726474962.919366 sending message 112 to peer 0x55dffcd63240 (13 bytes)
1726474962.919367 sending message 112 to peer 0x55dffcd63240 (7 bytes)
1726474962.919368 sending message 112 to peer 0x55dffcd63240 (13 bytes)
1726474962.919369 sending message 112 to peer 0x55dffcd63240 (7 bytes)
1726474962.919370 sending message 112 to peer 0x55dffcd63240 (13 bytes)
1726474962.919372 sending message 112 to peer 0x55dffcd63240 (9 bytes)
1726474962.919373 sending message 112 to peer 0x55dffcd63240 (21 bytes)
1726474962.919374 sending message 112 to peer 0x55dffcd63240 (13 bytes)
1726474962.919375 sending message 112 to peer 0x55dffcd63240 (9 bytes)
1726474962.919376 sending message 112 to peer 0x55dffcd63240 (16 bytes)
1726474962.919377 sending message 112 to peer 0x55dffcd63240 (13 bytes)
1726474962.919378 sending message 112 to peer 0x55dffcd63240 (9 bytes)
1726474962.919380 sending message 112 to peer 0x55dffcd63240 (9 bytes)
1726474962.919381 sending message 112 to peer 0x55dffcd63240 (12 bytes)
1726474962.919382 sending message 112 to peer 0x55dffcd63240 (8 bytes)
1726474962.919383 sending message 112 to peer 0x55dffcd63240 (8 bytes)
1726474962.919384 sending message 112 to peer 0x55dffcd63240 (13 bytes)
1726474962.919385 sending message 112 to peer 0x55dffcd63240 (7 bytes)
1726474962.919386 sending message 112 to peer 0x55dffcd63240 (7 bytes)
1726474962.919387 sending message 112 to peer 0x55dffcd63240 (9 bytes)
1726474962.919388 sending message 112 to peer 0x55dffcd63240 (9 bytes)
1726474962.919390 sending message 112 to peer 0x55dffcd63240 (15 bytes)
1726474962.919391 sending message 112 to peer 0x55dffcd63240 (13 bytes)
1726474962.919392 sending message 112 to peer 0x55dffcd63240 (12 bytes)
1726474962.919393 sending message 112 to peer 0x55dffcd63240 (8 bytes)
1726474962.919394 sending message 112 to peer 0x55dffcd63240 (14 bytes)
1726474962.919396 sending message 112 to peer 0x55dffcd63240 (11 bytes)
1726474962.919397 sending message 112 to peer 0x55dffcd63240 (9 bytes)
1726474962.919401 sending message 112 to peer 0x55dffcd63240 (10 bytes)
1726474962.919402 sending message 112 to peer 0x55dffcd63240 (10 bytes)
1726474962.919403 sending message 112 to peer 0x55dffcd63240 (10 bytes)
1726474962.919404 sending message 112 to peer 0x55dffcd63240 (10 bytes)
1726474962.919406 sending message 112 to peer 0x55dffcd63240 (11 bytes)
1726474962.919407 sending message 112 to peer 0x55dffcd63240 (12 bytes)
1726474962.919408 sending message 112 to peer 0x55dffcd63240 (12 bytes)
1726474962.919409 sending message 112 to peer 0x55dffcd63240 (12 bytes)
1726474962.919410 sending message 112 to peer 0x55dffcd63240 (12 bytes)
1726474962.919411 sending message 112 to peer 0x55dffcd63240 (12 bytes)
1726474962.919412 sending message 112 to peer 0x55dffcd63240 (11 bytes)
1726474962.919413 sending message 112 to peer 0x55dffcd63240 (11 bytes)
1726474962.919414 sending message 112 to peer 0x55dffcd63240 (12 bytes)
1726474962.919416 sending message 112 to peer 0x55dffcd63240 (12 bytes)
1726474962.919417 sending message 112 to peer 0x55dffcd63240 (12 bytes)
1726474962.919418 sending message 112 to peer 0x55dffcd63240 (12 bytes)
1726474962.919419 sending message 112 to peer 0x55dffcd63240 (12 bytes)
1726474962.919420 sending message 112 to peer 0x55dffcd63240 (9 bytes)
1726474962.919421 sending message 112 to peer 0x55dffcd63240 (12 bytes)
1726474962.919422 sending message 112 to peer 0x55dffcd63240 (13 bytes)
1726474962.919423 sending message 112 to peer 0x55dffcd63240 (13 bytes)
1726474962.919424 sending message 112 to peer 0x55dffcd63240 (13 bytes)
1726474962.919426 sending message 112 to peer 0x55dffcd63240 (13 bytes)
1726474962.919427 sending message 112 to peer 0x55dffcd63240 (13 bytes)
1726474962.919428 sending message 112 to peer 0x55dffcd63240 (8 bytes)
1726474962.919429 sending message 112 to peer 0x55dffcd63240 (11 bytes)
1726474962.919430 sending message 112 to peer 0x55dffcd63240 (11 bytes)
1726474962.919431 sending message 112 to peer 0x55dffcd63240 (11 bytes)
1726474962.919432 sending message 112 to peer 0x55dffcd63240 (12 bytes)
1726474962.919433 sending message 112 to peer 0x55dffcd63240 (12 bytes)
1726474962.919434 sending message 112 to peer 0x55dffcd63240 (12 bytes)
1726474962.919436 sending message 112 to peer 0x55dffcd63240 (12 bytes)
1726474962.919437 sending message 112 to peer 0x55dffcd63240 (13 bytes)
1726474962.919438 sending message 112 to peer 0x55dffcd63240 (13 bytes)
1726474962.919439 sending message 112 to peer 0x55dffcd63240 (13 bytes)
1726474962.919440 sending message 112 to peer 0x55dffcd63240 (8 bytes)
1726474962.919441 sending message 112 to peer 0x55dffcd63240 (13 bytes)
1726474962.919442 sending message 112 to peer 0x55dffcd63240 (13 bytes)
1726474962.919443 sending message 112 to peer 0x55dffcd63240 (13 bytes)
1726474962.919445 sending message 112 to peer 0x55dffcd63240 (13 bytes)
1726474962.919446 sending message 112 to peer 0x55dffcd63240 (13 bytes)
1726474962.919447 sending message 112 to peer 0x55dffcd63240 (12 bytes)
1726474962.919448 sending message 112 to peer 0x55dffcd63240 (12 bytes)
1726474962.919449 sending message 112 to peer 0x55dffcd63240 (12 bytes)
1726474962.919450 sending message 112 to peer 0x55dffcd63240 (12 bytes)
1726474962.919451 sending message 112 to peer 0x55dffcd63240 (13 bytes)
1726474962.919453 sending message 112 to peer 0x55dffcd63240 (8 bytes)
1726474962.919454 sending message 112 to peer 0x55dffcd63240 (13 bytes)
1726474962.919455 sending message 112 to peer 0x55dffcd63240 (13 bytes)
1726474962.919456 sending message 112 to peer 0x55dffcd63240 (13 bytes)
1726474962.919457 sending message 112 to peer 0x55dffcd63240 (13 bytes)
1726474962.919458 sending message 112 to peer 0x55dffcd63240 (13 bytes)
1726474962.919459 sending message 112 to peer 0x55dffcd63240 (13 bytes)
1726474962.919461 sending message 112 to peer 0x55dffcd63240 (13 bytes)
1726474962.919462 sending message 112 to peer 0x55dffcd63240 (12 bytes)
1726474962.919463 sending message 112 to peer 0x55dffcd63240 (12 bytes)
1726474962.919464 sending message 112 to peer 0x55dffcd63240 (12 bytes)
1726474962.919466 sending message 112 to peer 0x55dffcd63240 (8 bytes)
1726474962.919468 sending message 112 to peer 0x55dffcd63240 (12 bytes)
1726474962.919469 sending message 112 to peer 0x55dffcd63240 (13 bytes)
1726474962.919470 sending message 112 to peer 0x55dffcd63240 (13 bytes)
1726474962.919471 sending message 112 to peer 0x55dffcd63240 (13 bytes)
1726474962.919472 sending message 112 to peer 0x55dffcd63240 (13 bytes)
1726474962.919473 sending message 112 to peer 0x55dffcd63240 (13 bytes)
1726474962.919474 sending message 112 to peer 0x55dffcd63240 (13 bytes)
1726474962.919475 sending message 112 to peer 0x55dffcd63240 (13 bytes)
1726474962.919476 sending message 112 to peer 0x55dffcd63240 (13 bytes)
1726474962.919477 sending message 112 to peer 0x55dffcd63240 (12 bytes)
1726474962.919478 sending message 112 to peer 0x55dffcd63240 (10 bytes)
1726474962.919479 sending message 112 to peer 0x55dffcd63240 (12 bytes)
1726474962.919481 sending message 112 to peer 0x55dffcd63240 (12 bytes)
1726474962.919482 sending message 112 to peer 0x55dffcd63240 (12 bytes)
1726474962.919483 sending message 112 to peer 0x55dffcd63240 (13 bytes)
1726474962.919484 sending message 112 to peer 0x55dffcd63240 (13 bytes)
1726474962.919485 sending message 112 to peer 0x55dffcd63240 (13 bytes)
1726474962.919486 sending message 112 to peer 0x55dffcd63240 (13 bytes)
1726474962.919487 sending message 112 to peer 0x55dffcd63240 (13 bytes)
1726474962.919488 sending message 112 to peer 0x55dffcd63240 (13 bytes)
1726474962.919489 sending message 112 to peer 0x55dffcd63240 (13 bytes)
1726474962.919490 sending message 112 to peer 0x55dffcd63240 (10 bytes)
1726474962.919491 sending message 112 to peer 0x55dffcd63240 (13 bytes)
1726474962.919493 sending message 112 to peer 0x55dffcd63240 (12 bytes)
1726474962.919494 sending message 112 to peer 0x55dffcd63240 (12 bytes)
1726474962.919495 sending message 112 to peer 0x55dffcd63240 (12 bytes)
1726474962.919496 sending message 112 to peer 0x55dffcd63240 (10 bytes)
1726474962.919497 sending message 112 to peer 0x55dffcd63240 (10 bytes)
1726474962.919498 sending message 112 to peer 0x55dffcd63240 (10 bytes)
1726474962.919499 sending message 112 to peer 0x55dffcd63240 (12 bytes)
1726474962.919500 sending message 112 to peer 0x55dffcd63240 (13 bytes)
1726474962.919501 sending message 112 to peer 0x55dffcd63240 (13 bytes)
1726474962.919502 sending message 112 to peer 0x55dffcd63240 (13 bytes)
1726474962.919503 sending message 112 to peer 0x55dffcd63240 (13 bytes)
1726474962.919505 sending message 112 to peer 0x55dffcd63240 (13 bytes)
1726474962.919506 sending message 112 to peer 0x55dffcd63240 (10 bytes)
1726474962.919507 sending message 112 to peer 0x55dffcd63240 (11 bytes)
1726474962.919508 sending message 112 to peer 0x55dffcd63240 (12 bytes)
1726474962.919509 sending message 112 to peer 0x55dffcd63240 (12 bytes)
1726474962.919510 sending message 112 to peer 0x55dffcd63240 (12 bytes)
1726474962.919511 sending message 112 to peer 0x55dffcd63240 (12 bytes)
1726474962.919512 sending message 112 to peer 0x55dffcd63240 (12 bytes)
1726474962.919513 sending message 112 to peer 0x55dffcd63240 (11 bytes)
1726474962.919514 sending message 112 to peer 0x55dffcd63240 (12 bytes)
1726474962.919515 sending message 112 to peer 0x55dffcd63240 (12 bytes)
1726474962.919516 sending message 112 to peer 0x55dffcd63240 (13 bytes)
1726474962.919517 sending message 112 to peer 0x55dffcd63240 (13 bytes)
1726474962.919518 sending message 112 to peer 0x55dffcd63240 (13 bytes)
1726474962.919519 sending message 112 to peer 0x55dffcd63240 (13 bytes)
1726474962.919520 sending message 112 to peer 0x55dffcd63240 (13 bytes)
1726474962.919521 sending message 112 to peer 0x55dffcd63240 (10 bytes)
1726474962.919523 sending message 112 to peer 0x55dffcd63240 (9 bytes)
1726474962.919524 sending message 112 to peer 0x55dffcd63240 (12 bytes)
1726474962.919526 sending message 112 to peer 0x55dffcd63240 (13 bytes)
1726474962.919527 sending message 112 to peer 0x55dffcd63240 (13 bytes)
1726474962.919528 sending message 112 to peer 0x55dffcd63240 (13 bytes)
1726474962.919530 sending message 112 to peer 0x55dffcd63240 (13 bytes)
1726474962.919531 sending message 112 to peer 0x55dffcd63240 (13 bytes)
1726474962.919532 sending message 112 to peer 0x55dffcd63240 (9 bytes)
1726474962.919533 sending message 112 to peer 0x55dffcd63240 (12 bytes)
1726474962.919534 sending message 112 to peer 0x55dffcd63240 (13 bytes)
1726474962.919535 sending message 112 to peer 0x55dffcd63240 (13 bytes)
1726474962.919536 sending message 112 to peer 0x55dffcd63240 (13 bytes)
1726474962.919537 sending message 112 to peer 0x55dffcd63240 (13 bytes)
1726474962.919538 sending message 112 to peer 0x55dffcd63240 (13 bytes)
1726474962.919539 sending message 112 to peer 0x55dffcd63240 (11 bytes)
1726474962.919541 sending message 112 to peer 0x55dffcd63240 (12 bytes)
1726474962.919542 sending message 112 to peer 0x55dffcd63240 (13 bytes)
1726474962.919543 sending message 112 to peer 0x55dffcd63240 (13 bytes)
1726474962.919544 sending message 112 to peer 0x55dffcd63240 (13 bytes)
1726474962.919545 sending message 112 to peer 0x55dffcd63240 (13 bytes)
1726474962.919546 sending message 112 to peer 0x55dffcd63240 (13 bytes)
1726474962.919547 sending message 112 to peer 0x55dffcd63240 (11 bytes)
1726474962.919548 sending message 112 to peer 0x55dffcd63240 (12 bytes)
1726474962.919549 sending message 112 to peer 0x55dffcd63240 (12 bytes)
1726474962.919550 sending message 112 to peer 0x55dffcd63240 (12 bytes)
1726474962.919551 sending message 112 to peer 0x55dffcd63240 (12 bytes)
1726474962.919552 sending message 112 to peer 0x55dffcd63240 (12 bytes)
1726474962.919553 sending message 112 to peer 0x55dffcd63240 (21 bytes)
1726474962.919554 sending message 112 to peer 0x55dffcd63240 (12 bytes)
1726474962.919556 sending message 112 to peer 0x55dffcd63240 (9 bytes)
1726474962.919557 sending message 112 to peer 0x55dffcd63240 (6 bytes)
1726474962.919558 sending message 112 to peer 0x55dffcd63240 (13 bytes)
1726474962.919559 sending message 112 to peer 0x55dffcd63240 (10 bytes)
1726474962.919560 sending message 112 to peer 0x55dffcd63240 (24 bytes)
1726474962.919561 sending message 112 to peer 0x55dffcd63240 (13 bytes)
1726474962.919562 sending message 112 to peer 0x55dffcd63240 (9 bytes)
1726474962.919563 sending message 112 to peer 0x55dffcd63240 (70 bytes)
1726474962.919564 sending message 112 to peer 0x55dffcd63240 (69 bytes)
1726474962.919565 sending message 112 to peer 0x55dffcd63240 (12 bytes)
1726474962.919566 sending message 112 to peer 0x55dffcd63240 (10 bytes)
1726474962.919567 sending message 112 to peer 0x55dffcd63240 (10 bytes)
1726474962.919568 sending message 112 to peer 0x55dffcd63240 (24 bytes)
1726474962.919571 sending message 112 to peer 0x55dffcd63240 (13 bytes)
1726474962.919572 sending message 112 to peer 0x55dffcd63240 (10 bytes)
1726474962.919573 sending message 112 to peer 0x55dffcd63240 (10 bytes)
1726474962.919573 sending message 112 to peer 0x55dffcd63240 (10 bytes)
1726474962.919574 sending message 112 to peer 0x55dffcd63240 (13 bytes)
1726474962.919575 sending message 112 to peer 0x55dffcd63240 (15 bytes)
1726474962.919576 sending message 112 to peer 0x55dffcd63240 (5 bytes)
1726474962.919578 sending message 104 to peer 0x55dffcd63240 (0 bytes)
1726474962.919579 sending message 110 to peer 0x55dffcd63240 (0 bytes)
1726474962.919580 sending message 107 to peer 0x55dffcd63240 (4 bytes)
1726474962.919581 sending message 105 to peer 0x55dffcd63240 (16 bytes)
1726474962.919582 sending message 105 to peer 0x55dffcd63240 (44 bytes)
1726474962.919583 sending message 105 to peer 0x55dffcd63240 (17 bytes)
1726474962.919584 sending message 105 to peer 0x55dffcd63240 (21 bytes)
1726474962.919585 sending message 105 to peer 0x55dffcd63240 (20 bytes)
1726474962.919588 sending message 105 to peer 0x55dffcd63240 (13 bytes)
1726474962.919591 sending message 105 to peer 0x55dffcd63240 (1519 bytes)
1726474962.919597 sending message 105 to peer 0x55dffcd63240 (34 bytes)
1726474962.919599 sending message 105 to peer 0x55dffcd63240 (23 bytes)
1726474962.919600 sending message 105 to peer 0x55dffcd63240 (20 bytes)
1726474962.919602 sending message 105 to peer 0x55dffcd63240 (32 bytes)
1726474962.919603 sending message 105 to peer 0x55dffcd63240 (14 bytes)
1726474962.919604 sending message 105 to peer 0x55dffcd63240 (8 bytes)
1726474962.919605 sending message 105 to peer 0x55dffcd63240 (18 bytes)
1726474962.919606 sending message 105 to peer 0x55dffcd63240 (31 bytes)
1726474962.919608 sending message 105 to peer 0x55dffcd63240 (65 bytes)
1726474962.919609 sending message 105 to peer 0x55dffcd63240 (104 bytes)
1726474962.919610 sending message 105 to peer 0x55dffcd63240 (24 bytes)
1726474962.919611 sending message 105 to peer 0x55dffcd63240 (16 bytes)
1726474962.919612 sending message 105 to peer 0x55dffcd63240 (38 bytes)
1726474962.919613 sending message 106 to peer 0x55dffcd63240 (0 bytes)
1726474962.919616 sending message 200 to peer 0x55dffcd63240 (4 bytes)
1726474962.919617 client loop enter
1726474962.919636 client_signal: Child exited
1726474962.939407 peer 0x55dffcd63240 message 207
1726474962.939414 sending message 208 to peer 0x55dffcd63240 (0 bytes)
1726474965.882957 peer 0x55dffcd63240 message 203
1726474965.882963 sending message 205 to peer 0x55dffcd63240 (0 bytes)
1726474965.883142 peer 0x55dffcd63240 message 204
1726474965.883144 client loop exit
